<?xml version="1.0" encoding="UTF-8"?>
<!-- Generated by org.testng.reporters.JUnitReportReporter -->
<testsuite hostname="ShaharbanuPC" failures="0" tests="1" name="testscript.JavaScriptExecutor" time="5.627" errors="0" timestamp="2024-11-05T10:29:06 GST" skipped="0">
  <testcase classname="testscript.JavaScriptExecutor" name="buttonClickJavaScript" time="5.627"/>
  <system-out/>
</testsuite> <!-- testscript.JavaScriptExecutor -->
