<?xml version="1.0" encoding="UTF-8"?>
<!-- Generated by org.testng.reporters.JUnitReportReporter -->
<testsuite hostname="ShaharbanuPC" failures="0" tests="3" name="testscript.TestClass" time="0.019" errors="0" timestamp="2024-11-04T11:17:41 GST" skipped="0">
  <testcase classname="testscript.TestClass" name="testThree" time="0.015"/>
  <system-out/>
  <testcase classname="testscript.TestClass" name="sampleOne" time="0.002"/>
  <system-out/>
  <testcase classname="testscript.TestClass" name="testTwo" time="0.002"/>
  <system-out/>
</testsuite> <!-- testscript.TestClass -->
