<?xml version="1.0" encoding="UTF-8"?>
<!-- Generated by org.testng.reporters.JUnitReportReporter -->
<testsuite hostname="ShaharbanuPC" failures="0" tests="1" name="testscript.RobotClassFile" time="13.291" errors="0" timestamp="2024-11-04T10:08:32 GST" skipped="0">
  <testcase classname="testscript.RobotClassFile" name="robotClass" time="13.291"/>
  <system-out/>
</testsuite> <!-- testscript.RobotClassFile -->
