<?xml version="1.0" encoding="UTF-8"?>
<!-- Generated by org.testng.reporters.JUnitReportReporter -->
<testsuite hostname="ShaharbanuPC" failures="0" tests="1" name="testscript.Assertion" time="24.093" errors="0" timestamp="2024-11-13T16:02:07 GST" skipped="0">
  <testcase classname="testscript.Assertion" name="assertNotEquals" time="24.093"/>
  <system-out/>
</testsuite> <!-- testscript.Assertion -->
